# JRE version: OpenJDK Runtime Environment (8.0_152-b01) (build 1.8.0_152-release-1024-b01)
# Java VM: OpenJDK 64-Bit Server VM (25.152-b01 mixed mode linux-amd64 compressed oops)
Heap:
 PSYoungGen      total 189440K, used 8299K [0x00000000e0000000, 0x00000000ec780000, 0x0000000100000000)
  eden space 174592K, 0% used [0x00000000e0000000,0x00000000e0000000,0x00000000eaa80000)
  from space 14848K, 55% used [0x00000000eaa80000,0x00000000eb29aff8,0x00000000eb900000)
  to   space 12800K, 0% used [0x00000000ebb00000,0x00000000ebb00000,0x00000000ec780000)
 ParOldGen       total 47616K, used 31295K [0x00000000a0000000, 0x00000000a2e80000, 0x00000000e0000000)
  object space 47616K, 65% used [0x00000000a0000000,0x00000000a1e8fe98,0x00000000a2e80000)
 Metaspace       used 57332K, capacity 58966K, committed 59028K, reserved 1099776K
  class space    used 7783K, capacity 8172K, committed 8192K, reserved 1048576K
GC Heap History (10 events):
Event: 5.337 GC heap after
Heap after GC invocations=10 (full 1):
 PSYoungGen      total 125952K, used 8688K [0x00000000e0000000, 0x00000000e8980000, 0x0000000100000000)
  eden space 117248K, 0% used [0x00000000e0000000,0x00000000e0000000,0x00000000e7280000)
  from space 8704K, 99% used [0x00000000e7780000,0x00000000e7ffc210,0x00000000e8000000)
  to   space 9728K, 0% used [0x00000000e8000000,0x00000000e8000000,0x00000000e8980000)
 ParOldGen       total 35840K, used 12200K [0x00000000a0000000, 0x00000000a2300000, 0x00000000e0000000)
  object space 35840K, 34% used [0x00000000a0000000,0x00000000a0bea3f0,0x00000000a2300000)
 Metaspace       used 34577K, capacity 35180K, committed 35416K, reserved 1079296K
  class space    used 4770K, capacity 4966K, committed 4992K, reserved 1048576K
}
Event: 5.355 GC heap before
{Heap before GC invocations=11 (full 1):
 PSYoungGen      total 125952K, used 10709K [0x00000000e0000000, 0x00000000e8980000, 0x0000000100000000)
  eden space 117248K, 1% used [0x00000000e0000000,0x00000000e01f9470,0x00000000e7280000)
  from space 8704K, 99% used [0x00000000e7780000,0x00000000e7ffc210,0x00000000e8000000)
  to   space 9728K, 0% used [0x00000000e8000000,0x00000000e8000000,0x00000000e8980000)
 ParOldGen       total 35840K, used 12200K [0x00000000a0000000, 0x00000000a2300000, 0x00000000e0000000)
  object space 35840K, 34% used [0x00000000a0000000,0x00000000a0bea3f0,0x00000000a2300000)
 Metaspace       used 34686K, capacity 35264K, committed 35416K, reserved 1079296K
  class space    used 4779K, capacity 4970K, committed 4992K, reserved 1048576K
Event: 5.370 GC heap after
Heap after GC invocations=11 (full 1):
 PSYoungGen      total 129536K, used 6880K [0x00000000e0000000, 0x00000000ec100000, 0x0000000100000000)
  eden space 119808K, 0% used [0x00000000e0000000,0x00000000e0000000,0x00000000e7500000)
  from space 9728K, 70% used [0x00000000e8000000,0x00000000e86b8000,0x00000000e8980000)
  to   space 11264K, 0% used [0x00000000e7500000,0x00000000e7500000,0x00000000e8000000)
 ParOldGen       total 35840K, used 12208K [0x00000000a0000000, 0x00000000a2300000, 0x00000000e0000000)
  object space 35840K, 34% used [0x00000000a0000000,0x00000000a0bec3f0,0x00000000a2300000)
 Metaspace       used 34686K, capacity 35264K, committed 35416K, reserved 1079296K
  class space    used 4779K, capacity 4970K, committed 4992K, reserved 1048576K
}
Event: 5.370 GC heap before
{Heap before GC invocations=12 (full 2):
 PSYoungGen      total 129536K, used 6880K [0x00000000e0000000, 0x00000000ec100000, 0x0000000100000000)
  eden space 119808K, 0% used [0x00000000e0000000,0x00000000e0000000,0x00000000e7500000)
  from space 9728K, 70% used [0x00000000e8000000,0x00000000e86b8000,0x00000000e8980000)
  to   space 11264K, 0% used [0x00000000e7500000,0x00000000e7500000,0x00000000e8000000)
 ParOldGen       total 35840K, used 12208K [0x00000000a0000000, 0x00000000a2300000, 0x00000000e0000000)
  object space 35840K, 34% used [0x00000000a0000000,0x00000000a0bec3f0,0x00000000a2300000)
 Metaspace       used 34686K, capacity 35264K, committed 35416K, reserved 1079296K
  class space    used 4779K, capacity 4970K, committed 4992K, reserved 1048576K
Event: 5.427 GC heap after
Heap after GC invocations=12 (full 2):
 PSYoungGen      total 129536K, used 0K [0x00000000e0000000, 0x00000000ec100000, 0x0000000100000000)
  eden space 119808K, 0% used [0x00000000e0000000,0x00000000e0000000,0x00000000e7500000)
  from space 9728K, 0% used [0x00000000e8000000,0x00000000e8000000,0x00000000e8980000)
  to   space 11264K, 0% used [0x00000000e7500000,0x00000000e7500000,0x00000000e8000000)
 ParOldGen       total 47616K, used 15111K [0x00000000a0000000, 0x00000000a2e80000, 0x00000000e0000000)
  object space 47616K, 31% used [0x00000000a0000000,0x00000000a0ec1ea0,0x00000000a2e80000)
 Metaspace       used 34686K, capacity 35264K, committed 35416K, reserved 1079296K
  class space    used 4779K, capacity 4970K, committed 4992K, reserved 1048576K
}
Event: 7.102 GC heap before
{Heap before GC invocations=13 (full 2):
 PSYoungGen      total 129536K, used 119808K [0x00000000e0000000, 0x00000000ec100000, 0x0000000100000000)
  eden space 119808K, 100% used [0x00000000e0000000,0x00000000e7500000,0x00000000e7500000)
  from space 9728K, 0% used [0x00000000e8000000,0x00000000e8000000,0x00000000e8980000)
  to   space 11264K, 0% used [0x00000000e7500000,0x00000000e7500000,0x00000000e8000000)
 ParOldGen       total 47616K, used 15111K [0x00000000a0000000, 0x00000000a2e80000, 0x00000000e0000000)
  object space 47616K, 31% used [0x00000000a0000000,0x00000000a0ec1ea0,0x00000000a2e80000)
 Metaspace       used 42125K, capacity 42988K, committed 43224K, reserved 1087488K
  class space    used 5824K, capacity 6097K, committed 6144K, reserved 1048576K
Event: 7.114 GC heap after
Heap after GC invocations=13 (full 2):
 PSYoungGen      total 131072K, used 11239K [0x00000000e0000000, 0x00000000ec880000, 0x0000000100000000)
  eden space 119808K, 0% used [0x00000000e0000000,0x00000000e0000000,0x00000000e7500000)
  from space 11264K, 99% used [0x00000000e7500000,0x00000000e7ff9e70,0x00000000e8000000)
  to   space 13824K, 0% used [0x00000000ebb00000,0x00000000ebb00000,0x00000000ec880000)
 ParOldGen       total 47616K, used 16931K [0x00000000a0000000, 0x00000000a2e80000, 0x00000000e0000000)
  object space 47616K, 35% used [0x00000000a0000000,0x00000000a1088c80,0x00000000a2e80000)
 Metaspace       used 42125K, capacity 42988K, committed 43224K, reserved 1087488K
  class space    used 5824K, capacity 6097K, committed 6144K, reserved 1048576K
}
Event: 9.557 GC heap before
{Heap before GC invocations=14 (full 2):
 PSYoungGen      total 131072K, used 131047K [0x00000000e0000000, 0x00000000ec880000, 0x0000000100000000)
  eden space 119808K, 100% used [0x00000000e0000000,0x00000000e7500000,0x00000000e7500000)
  from space 11264K, 99% used [0x00000000e7500000,0x00000000e7ff9e70,0x00000000e8000000)
  to   space 13824K, 0% used [0x00000000ebb00000,0x00000000ebb00000,0x00000000ec880000)
 ParOldGen       total 47616K, used 16931K [0x00000000a0000000, 0x00000000a2e80000, 0x00000000e0000000)
  object space 47616K, 35% used [0x00000000a0000000,0x00000000a1088c80,0x00000000a2e80000)
 Metaspace       used 52214K, capacity 53848K, committed 54232K, reserved 1095680K
  class space    used 7174K, capacity 7563K, committed 7680K, reserved 1048576K
Event: 9.586 GC heap after
Heap after GC invocations=14 (full 2):
 PSYoungGen      total 187392K, used 12320K [0x00000000e0000000, 0x00000000ec780000, 0x0000000100000000)
  eden space 174592K, 0% used [0x00000000e0000000,0x00000000e0000000,0x00000000eaa80000)
  from space 12800K, 96% used [0x00000000ebb00000,0x00000000ec7080b0,0x00000000ec780000)
  to   space 14848K, 0% used [0x00000000eaa80000,0x00000000eaa80000,0x00000000eb900000)
 ParOldGen       total 47616K, used 24917K [0x00000000a0000000, 0x00000000a2e80000, 0x00000000e0000000)
  object space 47616K, 52% used [0x00000000a0000000,0x00000000a18555f8,0x00000000a2e80000)
 Metaspace       used 52214K, capacity 53848K, committed 54232K, reserved 1095680K
  class space    used 7174K, capacity 7563K, committed 7680K, reserved 1048576K
}
Event: 13.317 GC heap before
{Heap before GC invocations=15 (full 2):
 PSYoungGen      total 187392K, used 133700K [0x00000000e0000000, 0x00000000ec780000, 0x0000000100000000)
  eden space 174592K, 69% used [0x00000000e0000000,0x00000000e7689148,0x00000000eaa80000)
  from space 12800K, 96% used [0x00000000ebb00000,0x00000000ec7080b0,0x00000000ec780000)
  to   space 14848K, 0% used [0x00000000eaa80000,0x00000000eaa80000,0x00000000eb900000)
 ParOldGen       total 47616K, used 24917K [0x00000000a0000000, 0x00000000a2e80000, 0x00000000e0000000)
  object space 47616K, 52% used [0x00000000a0000000,0x00000000a18555f8,0x00000000a2e80000)
 Metaspace       used 57332K, capacity 58966K, committed 59028K, reserved 1099776K
  class space    used 7783K, capacity 8172K, committed 8192K, reserved 1048576K

