# JRE version: OpenJDK Runtime Environment (8.0_152-b01) (build 1.8.0_152-release-1024-b01)
# Java VM: OpenJDK 64-Bit Server VM (25.152-b01 mixed mode linux-amd64 compressed oops)
Heap:
 PSYoungGen      total 160768K, used 0K [0x00000000e0000000, 0x00000000eba80000, 0x0000000100000000)
  eden space 145408K, 0% used [0x00000000e0000000,0x00000000e0000000,0x00000000e8e00000)
  from space 15360K, 0% used [0x00000000ea200000,0x00000000ea200000,0x00000000eb100000)
  to   space 20480K, 0% used [0x00000000e8e00000,0x00000000e8e00000,0x00000000ea200000)
 ParOldGen       total 60416K, used 44286K [0x00000000a0000000, 0x00000000a3b00000, 0x00000000e0000000)
  object space 60416K, 73% used [0x00000000a0000000,0x00000000a2b3fb10,0x00000000a3b00000)
 Metaspace       used 57268K, capacity 58836K, committed 58968K, reserved 1099776K
  class space    used 7799K, capacity 8195K, committed 8320K, reserved 1048576K
GC Heap History (10 events):
Event: 6.533 GC heap after
Heap after GC invocations=10 (full 1):
 PSYoungGen      total 131584K, used 8688K [0x00000000e0000000, 0x00000000e9380000, 0x0000000100000000)
  eden space 122880K, 0% used [0x00000000e0000000,0x00000000e0000000,0x00000000e7800000)
  from space 8704K, 99% used [0x00000000e7800000,0x00000000e807c180,0x00000000e8080000)
  to   space 11776K, 0% used [0x00000000e8800000,0x00000000e8800000,0x00000000e9380000)
 ParOldGen       total 34304K, used 12315K [0x00000000a0000000, 0x00000000a2180000, 0x00000000e0000000)
  object space 34304K, 35% used [0x00000000a0000000,0x00000000a0c06e70,0x00000000a2180000)
 Metaspace       used 34702K, capacity 35264K, committed 35416K, reserved 1079296K
  class space    used 4783K, capacity 4970K, committed 4992K, reserved 1048576K
}
Event: 6.533 GC heap before
{Heap before GC invocations=11 (full 2):
 PSYoungGen      total 131584K, used 8688K [0x00000000e0000000, 0x00000000e9380000, 0x0000000100000000)
  eden space 122880K, 0% used [0x00000000e0000000,0x00000000e0000000,0x00000000e7800000)
  from space 8704K, 99% used [0x00000000e7800000,0x00000000e807c180,0x00000000e8080000)
  to   space 11776K, 0% used [0x00000000e8800000,0x00000000e8800000,0x00000000e9380000)
 ParOldGen       total 34304K, used 12315K [0x00000000a0000000, 0x00000000a2180000, 0x00000000e0000000)
  object space 34304K, 35% used [0x00000000a0000000,0x00000000a0c06e70,0x00000000a2180000)
 Metaspace       used 34702K, capacity 35264K, committed 35416K, reserved 1079296K
  class space    used 4783K, capacity 4970K, committed 4992K, reserved 1048576K
Event: 6.760 GC heap after
Heap after GC invocations=11 (full 2):
 PSYoungGen      total 131584K, used 0K [0x00000000e0000000, 0x00000000e9380000, 0x0000000100000000)
  eden space 122880K, 0% used [0x00000000e0000000,0x00000000e0000000,0x00000000e7800000)
  from space 8704K, 0% used [0x00000000e7800000,0x00000000e7800000,0x00000000e8080000)
  to   space 11776K, 0% used [0x00000000e8800000,0x00000000e8800000,0x00000000e9380000)
 ParOldGen       total 60416K, used 19308K [0x00000000a0000000, 0x00000000a3b00000, 0x00000000e0000000)
  object space 60416K, 31% used [0x00000000a0000000,0x00000000a12db398,0x00000000a3b00000)
 Metaspace       used 34702K, capacity 35264K, committed 35416K, reserved 1079296K
  class space    used 4783K, capacity 4970K, committed 4992K, reserved 1048576K
}
Event: 12.721 GC heap before
{Heap before GC invocations=12 (full 2):
 PSYoungGen      total 131584K, used 122880K [0x00000000e0000000, 0x00000000e9380000, 0x0000000100000000)
  eden space 122880K, 100% used [0x00000000e0000000,0x00000000e7800000,0x00000000e7800000)
  from space 8704K, 0% used [0x00000000e7800000,0x00000000e7800000,0x00000000e8080000)
  to   space 11776K, 0% used [0x00000000e8800000,0x00000000e8800000,0x00000000e9380000)
 ParOldGen       total 60416K, used 19308K [0x00000000a0000000, 0x00000000a3b00000, 0x00000000e0000000)
  object space 60416K, 31% used [0x00000000a0000000,0x00000000a12db398,0x00000000a3b00000)
 Metaspace       used 42283K, capacity 43130K, committed 43480K, reserved 1087488K
  class space    used 5848K, capacity 6136K, committed 6144K, reserved 1048576K
Event: 12.839 GC heap after
Heap after GC invocations=12 (full 2):
 PSYoungGen      total 137216K, used 11773K [0x00000000e0000000, 0x00000000eae00000, 0x0000000100000000)
  eden space 125440K, 0% used [0x00000000e0000000,0x00000000e0000000,0x00000000e7a80000)
  from space 11776K, 99% used [0x00000000e8800000,0x00000000e937f428,0x00000000e9380000)
  to   space 13824K, 0% used [0x00000000e7a80000,0x00000000e7a80000,0x00000000e8800000)
 ParOldGen       total 60416K, used 20694K [0x00000000a0000000, 0x00000000a3b00000, 0x00000000e0000000)
  object space 60416K, 34% used [0x00000000a0000000,0x00000000a1435980,0x00000000a3b00000)
 Metaspace       used 42283K, capacity 43130K, committed 43480K, reserved 1087488K
  class space    used 5848K, capacity 6136K, committed 6144K, reserved 1048576K
}
Event: 19.934 GC heap before
{Heap before GC invocations=13 (full 2):
 PSYoungGen      total 137216K, used 137213K [0x00000000e0000000, 0x00000000eae00000, 0x0000000100000000)
  eden space 125440K, 100% used [0x00000000e0000000,0x00000000e7a80000,0x00000000e7a80000)
  from space 11776K, 99% used [0x00000000e8800000,0x00000000e937f428,0x00000000e9380000)
  to   space 13824K, 0% used [0x00000000e7a80000,0x00000000e7a80000,0x00000000e8800000)
 ParOldGen       total 60416K, used 20694K [0x00000000a0000000, 0x00000000a3b00000, 0x00000000e0000000)
  object space 60416K, 34% used [0x00000000a0000000,0x00000000a1435980,0x00000000a3b00000)
 Metaspace       used 52286K, capacity 53848K, committed 54232K, reserved 1095680K
  class space    used 7195K, capacity 7563K, committed 7680K, reserved 1048576K
Event: 19.989 GC heap after
Heap after GC invocations=13 (full 2):
 PSYoungGen      total 139264K, used 12545K [0x00000000e0000000, 0x00000000eb100000, 0x0000000100000000)
  eden space 125440K, 0% used [0x00000000e0000000,0x00000000e0000000,0x00000000e7a80000)
  from space 13824K, 90% used [0x00000000e7a80000,0x00000000e86c0798,0x00000000e8800000)
  to   space 15360K, 0% used [0x00000000ea200000,0x00000000ea200000,0x00000000eb100000)
 ParOldGen       total 60416K, used 28736K [0x00000000a0000000, 0x00000000a3b00000, 0x00000000e0000000)
  object space 60416K, 47% used [0x00000000a0000000,0x00000000a1c102f8,0x00000000a3b00000)
 Metaspace       used 52286K, capacity 53848K, committed 54232K, reserved 1095680K
  class space    used 7195K, capacity 7563K, committed 7680K, reserved 1048576K
}
Event: 25.709 GC heap before
{Heap before GC invocations=14 (full 2):
 PSYoungGen      total 139264K, used 98964K [0x00000000e0000000, 0x00000000eb100000, 0x0000000100000000)
  eden space 125440K, 68% used [0x00000000e0000000,0x00000000e5464a80,0x00000000e7a80000)
  from space 13824K, 90% used [0x00000000e7a80000,0x00000000e86c0798,0x00000000e8800000)
  to   space 15360K, 0% used [0x00000000ea200000,0x00000000ea200000,0x00000000eb100000)
 ParOldGen       total 60416K, used 28736K [0x00000000a0000000, 0x00000000a3b00000, 0x00000000e0000000)
  object space 60416K, 47% used [0x00000000a0000000,0x00000000a1c102f8,0x00000000a3b00000)
 Metaspace       used 57268K, capacity 58836K, committed 58968K, reserved 1099776K
  class space    used 7799K, capacity 8195K, committed 8320K, reserved 1048576K
Event: 25.812 GC heap after
Heap after GC invocations=14 (full 2):
 PSYoungGen      total 160768K, used 15336K [0x00000000e0000000, 0x00000000eba80000, 0x0000000100000000)
  eden space 145408K, 0% used [0x00000000e0000000,0x00000000e0000000,0x00000000e8e00000)
  from space 15360K, 99% used [0x00000000ea200000,0x00000000eb0fa250,0x00000000eb100000)
  to   space 20480K, 0% used [0x00000000e8e00000,0x00000000e8e00000,0x00000000ea200000)
 ParOldGen       total 60416K, used 37029K [0x00000000a0000000, 0x00000000a3b00000, 0x00000000e0000000)
  object space 60416K, 61% used [0x00000000a0000000,0x00000000a2429550,0x00000000a3b00000)
 Metaspace       used 57268K, capacity 58836K, committed 58968K, reserved 1099776K
  class space    used 7799K, capacity 8195K, committed 8320K, reserved 1048576K
}
Event: 25.813 GC heap before
{Heap before GC invocations=15 (full 3):
 PSYoungGen      total 160768K, used 15336K [0x00000000e0000000, 0x00000000eba80000, 0x0000000100000000)
  eden space 145408K, 0% used [0x00000000e0000000,0x00000000e0000000,0x00000000e8e00000)
  from space 15360K, 99% used [0x00000000ea200000,0x00000000eb0fa250,0x00000000eb100000)
  to   space 20480K, 0% used [0x00000000e8e00000,0x00000000e8e00000,0x00000000ea200000)
 ParOldGen       total 60416K, used 37029K [0x00000000a0000000, 0x00000000a3b00000, 0x00000000e0000000)
  object space 60416K, 61% used [0x00000000a0000000,0x00000000a2429550,0x00000000a3b00000)
 Metaspace       used 57268K, capacity 58836K, committed 58968K, reserved 1099776K
  class space    used 7799K, capacity 8195K, committed 8320K, reserved 1048576K

